<?xml version="1.0" encoding="UTF-8"?>
<!-- Generated by org.testng.reporters.JUnitReportReporter -->
<testsuite hostname="Faisal" failures="0" tests="1" name="ProTrainingTech.AutomationTrainingProgram.NewTest" time="0.010" errors="0" timestamp="2022-04-28T21:18:46 EDT" skipped="0">
  <testcase classname="ProTrainingTech.AutomationTrainingProgram.NewTest" name="f" time="0.010"/>
  <system-out/>
</testsuite> <!-- ProTrainingTech.AutomationTrainingProgram.NewTest -->
